
**** Build of configuration Nios II for project JPEG_Encoder ****

make all 
      1 [main] sh 15408 find_fast_cwd: WARNING: Couldn't compute FAST_CWD pointer.  Please report this problem to
the public mailing list cygwin@cygwin.com
      1 [main] sh 588 find_fast_cwd: WARNING: Couldn't compute FAST_CWD pointer.  Please report this problem to
the public mailing list cygwin@cygwin.com
      1 [main] echo 10528 find_fast_cwd: WARNING: Couldn't compute FAST_CWD pointer.  Please report this problem to
the public mailing list cygwin@cygwin.com
Info: Building ../JPEG_Encoder_bsp/
make --no-print-directory -C ../JPEG_Encoder_bsp/
      1 [main] pwd 6528 find_fast_cwd: WARNING: Couldn't compute FAST_CWD pointer.  Please report this problem to
the public mailing list cygwin@cygwin.com
      1 [main] sh 14204 find_fast_cwd: WARNING: Couldn't compute FAST_CWD pointer.  Please report this problem to
the public mailing list cygwin@cygwin.com
      1 [main] sh 9164 find_fast_cwd: WARNING: Couldn't compute FAST_CWD pointer.  Please report this problem to
the public mailing list cygwin@cygwin.com
[BSP build complete]
      1 [main] echo 2012 find_fast_cwd: WARNING: Couldn't compute FAST_CWD pointer.  Please report this problem to
the public mailing list cygwin@cygwin.com
Info: Compiling jpeg_encoder.c to obj/default/jpeg_encoder.o
      1 [main] mkdir 12240 find_fast_cwd: WARNING: Couldn't compute FAST_CWD pointer.  Please report this problem to
the public mailing list cygwin@cygwin.com
nios2-elf-gcc -xc -MP -MMD -c -I../JPEG_Encoder_bsp//HAL/inc -I../JPEG_Encoder_bsp/ -I../JPEG_Encoder_bsp//drivers/inc  -DSYSTEM_BUS_WIDTH=32 -pipe -D__hal__ -DALT_NO_INSTRUCTION_EMULATION -DALT_SINGLE_THREADED    -O0 -g -Wall   -EL -mno-hw-div -mno-hw-mul -mno-hw-mulx  -o obj/default/jpeg_encoder.o jpeg_encoder.c
jpeg_encoder.c:12:39: error: application/jpeg_encoding.h: No such file or directory
jpeg_encoder.c:13:37: error: application/bmp_extract.h: No such file or directory
jpeg_encoder.c: In function 'main':
jpeg_encoder.c:26: warning: implicit declaration of function 'printf'
jpeg_encoder.c:26: warning: incompatible implicit declaration of built-in function 'printf'
jpeg_encoder.c:30: warning: implicit declaration of function 'scanf'
jpeg_encoder.c:30: warning: incompatible implicit declaration of built-in function 'scanf'
jpeg_encoder.c:33: warning: implicit declaration of function 'strcmp'
jpeg_encoder.c:33: warning: implicit declaration of function 'strlen'
jpeg_encoder.c:33: warning: incompatible implicit declaration of built-in function 'strlen'
jpeg_encoder.c: In function 'convert_picture':
jpeg_encoder.c:51: error: 'Bmp_data' undeclared (first use in this function)
jpeg_encoder.c:51: error: (Each undeclared identifier is reported only once
jpeg_encoder.c:51: error: for each function it appears in.)
jpeg_encoder.c:51: error: expected ';' before 'pic_data'
jpeg_encoder.c:53: warning: implicit declaration of function 'strcat'
jpeg_encoder.c:53: warning: incompatible implicit declaration of built-in function 'strcat'
jpeg_encoder.c:57: warning: implicit declaration of function 'strcpy'
jpeg_encoder.c:57: warning: incompatible implicit declaration of built-in function 'strcpy'
jpeg_encoder.c:57: warning: incompatible implicit declaration of built-in function 'strlen'
jpeg_encoder.c:59: warning: implicit declaration of function 'bmp_extract'
jpeg_encoder.c:59: error: 'pic_data' undeclared (first use in this function)
jpeg_encoder.c:61: warning: implicit declaration of function 'jpeg_encode'
make: *** [obj/default/jpeg_encoder.o] Error 1

**** Build Finished ****

**** Build of configuration Nios II for project JPEG_Encoder ****

make all 
      1 [main] sh 6356 find_fast_cwd: WARNING: Couldn't compute FAST_CWD pointer.  Please report this problem to
the public mailing list cygwin@cygwin.com
      1 [main] sh 13680 find_fast_cwd: WARNING: Couldn't compute FAST_CWD pointer.  Please report this problem to
the public mailing list cygwin@cygwin.com
      1 [main] echo 8720 find_fast_cwd: WARNING: Couldn't compute FAST_CWD pointer.  Please report this problem to
the public mailing list cygwin@cygwin.com
Info: Building ../JPEG_Encoder_bsp/
make --no-print-directory -C ../JPEG_Encoder_bsp/
      1 [main] pwd 13104 find_fast_cwd: WARNING: Couldn't compute FAST_CWD pointer.  Please report this problem to
the public mailing list cygwin@cygwin.com
      1 [main] sh 12208 find_fast_cwd: WARNING: Couldn't compute FAST_CWD pointer.  Please report this problem to
the public mailing list cygwin@cygwin.com
      1 [main] sh 9812 find_fast_cwd: WARNING: Couldn't compute FAST_CWD pointer.  Please report this problem to
the public mailing list cygwin@cygwin.com
[BSP build complete]
      1 [main] echo 10144 find_fast_cwd: WARNING: Couldn't compute FAST_CWD pointer.  Please report this problem to
the public mailing list cygwin@cygwin.com
Info: Compiling jpeg_encoder.c to obj/default/jpeg_encoder.o
      1 [main] mkdir 7688 find_fast_cwd: WARNING: Couldn't compute FAST_CWD pointer.  Please report this problem to
the public mailing list cygwin@cygwin.com
nios2-elf-gcc -xc -MP -MMD -c -I../JPEG_Encoder_bsp//HAL/inc -I../JPEG_Encoder_bsp/ -I../JPEG_Encoder_bsp//drivers/inc  -DSYSTEM_BUS_WIDTH=32 -pipe -D__hal__ -DALT_NO_INSTRUCTION_EMULATION -DALT_SINGLE_THREADED    -O0 -g -Wall   -EL -mno-hw-div -mno-hw-mul -mno-hw-mulx  -o obj/default/jpeg_encoder.o jpeg_encoder.c
jpeg_encoder.c:12:39: error: application/jpeg_encoding.h: No such file or directory
jpeg_encoder.c:13:37: error: application/bmp_extract.h: No such file or directory
jpeg_encoder.c: In function 'main':
jpeg_encoder.c:26: warning: implicit declaration of function 'printf'
jpeg_encoder.c:26: warning: incompatible implicit declaration of built-in function 'printf'
jpeg_encoder.c:30: warning: implicit declaration of function 'scanf'
jpeg_encoder.c:30: warning: incompatible implicit declaration of built-in function 'scanf'
jpeg_encoder.c:33: warning: implicit declaration of function 'strcmp'
jpeg_encoder.c:33: warning: implicit declaration of function 'strlen'
jpeg_encoder.c:33: warning: incompatible implicit declaration of built-in function 'strlen'
jpeg_encoder.c: In function 'convert_picture':
jpeg_encoder.c:51: error: 'Bmp_data' undeclared (first use in this function)
jpeg_encoder.c:51: error: (Each undeclared identifier is reported only once
jpeg_encoder.c:51: error: for each function it appears in.)
jpeg_encoder.c:51: error: expected ';' before 'pic_data'
jpeg_encoder.c:53: warning: implicit declaration of function 'strcat'
jpeg_encoder.c:53: warning: incompatible implicit declaration of built-in function 'strcat'
jpeg_encoder.c:57: warning: implicit declaration of function 'strcpy'
jpeg_encoder.c:57: warning: incompatible implicit declaration of built-in function 'strcpy'
jpeg_encoder.c:57: warning: incompatible implicit declaration of built-in function 'strlen'
jpeg_encoder.c:59: warning: implicit declaration of function 'bmp_extract'
jpeg_encoder.c:59: error: 'pic_data' undeclared (first use in this function)
jpeg_encoder.c:61: warning: implicit declaration of function 'jpeg_encode'
make: *** [obj/default/jpeg_encoder.o] Error 1

**** Build Finished ****
